TN:
SF:enigma.js
FN:4,mod
FN:15,plugboardSwap
FN:24,(anonymous_2)
FN:30,(anonymous_3)
FN:33,(anonymous_4)
FN:36,(anonymous_5)
FN:40,(anonymous_6)
FN:47,(anonymous_7)
FN:49,(anonymous_8)
FN:59,(anonymous_9)
FN:80,(anonymous_10)
FN:106,(anonymous_11)
FN:110,(anonymous_12)
FN:115,promptEnigma
FN:120,(anonymous_14)
FN:121,(anonymous_15)
FN:123,(anonymous_16)
FN:125,(anonymous_17)
FN:130,(anonymous_18)
FNF:19
FNH:13
FNDA:1811,mod
FNDA:519,plugboardSwap
FNDA:64,(anonymous_2)
FNDA:273,(anonymous_3)
FNDA:770,(anonymous_4)
FNDA:769,(anonymous_5)
FNDA:769,(anonymous_6)
FNDA:20,(anonymous_7)
FNDA:60,(anonymous_8)
FNDA:256,(anonymous_9)
FNDA:261,(anonymous_10)
FNDA:15,(anonymous_11)
FNDA:255,(anonymous_12)
FNDA:0,promptEnigma
FNDA:0,(anonymous_14)
FNDA:0,(anonymous_15)
FNDA:0,(anonymous_16)
FNDA:0,(anonymous_17)
FNDA:0,(anonymous_18)
DA:1,1
DA:3,1
DA:5,1811
DA:8,1
DA:13,1
DA:16,519
DA:17,100
DA:18,87
DA:20,493
DA:25,64
DA:26,64
DA:27,64
DA:28,64
DA:31,273
DA:34,770
DA:37,769
DA:38,769
DA:41,769
DA:42,769
DA:48,20
DA:50,60
DA:57,20
DA:61,256
DA:64,256
DA:65,9
DA:69,256
DA:70,3
DA:72,3
DA:73,1
DA:78,256
DA:81,261
DA:83,256
DA:86,256
DA:89,256
DA:90,768
DA:94,256
DA:97,256
DA:98,768
DA:102,256
DA:104,256
DA:107,15
DA:110,255
DA:116,0
DA:120,0
DA:121,0
DA:122,0
DA:123,0
DA:124,0
DA:125,0
DA:127,0
DA:130,0
DA:132,0
DA:138,0
DA:139,0
DA:140,0
DA:148,1
DA:150,1
DA:151,0
LF:58
LH:44
BRDA:17,0,0,13
BRDA:17,0,1,87
BRDA:18,1,0,13
BRDA:18,1,1,74
BRDA:24,2,0,0
BRDA:24,3,0,0
BRDA:64,4,0,9
BRDA:64,4,1,247
BRDA:69,5,0,3
BRDA:69,5,1,253
BRDA:69,6,0,256
BRDA:69,6,1,253
BRDA:72,7,0,1
BRDA:72,7,1,2
BRDA:81,8,0,5
BRDA:81,8,1,256
BRDA:127,9,0,0
BRDA:127,9,1,0
BRDA:150,10,0,0
BRDA:150,10,1,1
BRF:20
BRH:15
end_of_record
