<?xml version="1.0" encoding="UTF-8"?>
<coverage generated="1749633125594" clover="3.2.0">
  <project timestamp="1749633125594" name="All files">
    <metrics statements="192" coveredstatements="124" conditionals="91" coveredconditionals="57" methods="40" coveredmethods="28" elements="323" coveredelements="209" complexity="0" loc="192" ncloc="192" packages="1" files="1" classes="1"/>
    <file name="seabattle_refactored.js" path="/Users/tina/Downloads/Coding/edu-ai-challenge-2025/7/seabattle_refactored.js">
      <metrics statements="192" coveredstatements="124" conditionals="91" coveredconditionals="57" methods="40" coveredmethods="28"/>
      <line num="1" count="1" type="stmt"/>
      <line num="4" count="1" type="stmt"/>
      <line num="23" count="24" type="stmt"/>
      <line num="24" count="24" type="stmt"/>
      <line num="28" count="13" type="cond" truecount="2" falsecount="0"/>
      <line num="29" count="12" type="stmt"/>
      <line num="30" count="12" type="stmt"/>
      <line num="32" count="1" type="stmt"/>
      <line num="36" count="17" type="stmt"/>
      <line num="40" count="53" type="stmt"/>
      <line num="44" count="9" type="stmt"/>
      <line num="51" count="21" type="stmt"/>
      <line num="52" count="210" type="stmt"/>
      <line num="53" count="21" type="stmt"/>
      <line num="54" count="21" type="stmt"/>
      <line num="58" count="16" type="stmt"/>
      <line num="59" count="48" type="stmt"/>
      <line num="60" count="48" type="cond" truecount="2" falsecount="0"/>
      <line num="61" count="3" type="stmt"/>
      <line num="64" count="16" type="stmt"/>
      <line num="68" count="4" type="stmt"/>
      <line num="69" count="4" type="stmt"/>
      <line num="70" count="4" type="stmt"/>
      <line num="72" count="4" type="cond" truecount="2" falsecount="0"/>
      <line num="73" count="10" type="stmt"/>
      <line num="74" count="10" type="stmt"/>
      <line num="76" count="10" type="cond" truecount="3" falsecount="1"/>
      <line num="77" count="10" type="stmt"/>
      <line num="78" count="10" type="stmt"/>
      <line num="82" count="4" type="cond" truecount="1" falsecount="1"/>
      <line num="83" count="0" type="stmt"/>
      <line num="86" count="4" type="stmt"/>
      <line num="90" count="11" type="cond" truecount="2" falsecount="0"/>
      <line num="91" count="11" type="cond" truecount="2" falsecount="0"/>
      <line num="94" count="11" type="cond" truecount="2" falsecount="0"/>
      <line num="98" count="11" type="stmt"/>
      <line num="99" count="11" type="stmt"/>
      <line num="101" count="11" type="stmt"/>
      <line num="102" count="11" type="stmt"/>
      <line num="103" count="33" type="cond" truecount="2" falsecount="0"/>
      <line num="104" count="33" type="cond" truecount="2" falsecount="0"/>
      <line num="105" count="33" type="stmt"/>
      <line num="108" count="11" type="stmt"/>
      <line num="112" count="12" type="stmt"/>
      <line num="113" count="15" type="stmt"/>
      <line num="114" count="43" type="stmt"/>
      <line num="120" count="11" type="cond" truecount="2" falsecount="0"/>
      <line num="121" count="2" type="stmt"/>
      <line num="124" count="9" type="stmt"/>
      <line num="125" count="9" type="stmt"/>
      <line num="127" count="9" type="stmt"/>
      <line num="128" count="8" type="cond" truecount="2" falsecount="0"/>
      <line num="129" count="7" type="cond" truecount="1" falsecount="1"/>
      <line num="130" count="0" type="stmt"/>
      <line num="133" count="7" type="stmt"/>
      <line num="134" count="7" type="stmt"/>
      <line num="136" count="7" type="cond" truecount="2" falsecount="0"/>
      <line num="137" count="2" type="stmt"/>
      <line num="139" count="5" type="stmt"/>
      <line num="143" count="2" type="stmt"/>
      <line num="144" count="2" type="stmt"/>
      <line num="148" count="8" type="stmt"/>
      <line num="152" count="34" type="stmt"/>
      <line num="156" count="58" type="stmt"/>
      <line num="160" count="0" type="stmt"/>
      <line num="163" count="0" type="stmt"/>
      <line num="164" count="0" type="stmt"/>
      <line num="165" count="0" type="stmt"/>
      <line num="167" count="0" type="stmt"/>
      <line num="170" count="0" type="stmt"/>
      <line num="171" count="0" type="stmt"/>
      <line num="172" count="0" type="stmt"/>
      <line num="173" count="0" type="stmt"/>
      <line num="175" count="0" type="stmt"/>
      <line num="177" count="0" type="stmt"/>
      <line num="184" count="14" type="stmt"/>
      <line num="185" count="14" type="stmt"/>
      <line num="186" count="14" type="stmt"/>
      <line num="192" count="10" type="cond" truecount="2" falsecount="2"/>
      <line num="193" count="0" type="stmt"/>
      <line num="194" count="0" type="stmt"/>
      <line num="196" count="10" type="stmt"/>
      <line num="197" count="10" type="stmt"/>
      <line num="200" count="10" type="stmt"/>
      <line num="201" count="10" type="stmt"/>
      <line num="206" count="11" type="stmt"/>
      <line num="207" count="11" type="stmt"/>
      <line num="208" count="11" type="stmt"/>
      <line num="209" count="11" type="stmt"/>
      <line num="212" count="11" type="stmt"/>
      <line num="216" count="2" type="cond" truecount="2" falsecount="0"/>
      <line num="217" count="1" type="stmt"/>
      <line num="218" count="1" type="stmt"/>
      <line num="220" count="1" type="stmt"/>
      <line num="221" count="1" type="stmt"/>
      <line num="226" count="0" type="cond" truecount="0" falsecount="4"/>
      <line num="227" count="0" type="stmt"/>
      <line num="232" count="5" type="stmt"/>
      <line num="233" count="5" type="stmt"/>
      <line num="240" count="5" type="stmt"/>
      <line num="241" count="20" type="cond" truecount="2" falsecount="0"/>
      <line num="242" count="14" type="stmt"/>
      <line num="243" count="14" type="cond" truecount="3" falsecount="1"/>
      <line num="244" count="14" type="stmt"/>
      <line num="251" count="31" type="cond" truecount="4" falsecount="0"/>
      <line num="259" count="5" type="stmt"/>
      <line num="260" count="5" type="stmt"/>
      <line num="261" count="5" type="stmt"/>
      <line num="262" count="5" type="stmt"/>
      <line num="269" count="0" type="stmt"/>
      <line num="271" count="0" type="stmt"/>
      <line num="272" count="0" type="stmt"/>
      <line num="273" count="0" type="stmt"/>
      <line num="275" count="0" type="stmt"/>
      <line num="276" count="0" type="stmt"/>
      <line num="278" count="0" type="stmt"/>
      <line num="280" count="0" type="stmt"/>
      <line num="281" count="0" type="stmt"/>
      <line num="286" count="2" type="stmt"/>
      <line num="289" count="2" type="stmt"/>
      <line num="290" count="2" type="stmt"/>
      <line num="291" count="20" type="stmt"/>
      <line num="293" count="2" type="stmt"/>
      <line num="296" count="2" type="stmt"/>
      <line num="297" count="20" type="stmt"/>
      <line num="300" count="20" type="stmt"/>
      <line num="301" count="200" type="stmt"/>
      <line num="304" count="20" type="stmt"/>
      <line num="307" count="20" type="stmt"/>
      <line num="308" count="200" type="stmt"/>
      <line num="311" count="20" type="stmt"/>
      <line num="313" count="2" type="stmt"/>
      <line num="317" count="8" type="cond" truecount="4" falsecount="0"/>
      <line num="318" count="3" type="stmt"/>
      <line num="321" count="5" type="stmt"/>
      <line num="322" count="5" type="stmt"/>
      <line num="324" count="5" type="cond" truecount="8" falsecount="0"/>
      <line num="327" count="2" type="stmt"/>
      <line num="333" count="3" type="stmt"/>
      <line num="337" count="0" type="stmt"/>
      <line num="338" count="0" type="stmt"/>
      <line num="339" count="0" type="stmt"/>
      <line num="341" count="0" type="cond" truecount="0" falsecount="2"/>
      <line num="342" count="0" type="stmt"/>
      <line num="343" count="0" type="stmt"/>
      <line num="344" count="0" type="stmt"/>
      <line num="347" count="0" type="stmt"/>
      <line num="348" count="0" type="stmt"/>
      <line num="350" count="0" type="cond" truecount="0" falsecount="2"/>
      <line num="351" count="0" type="stmt"/>
      <line num="354" count="0" type="cond" truecount="0" falsecount="2"/>
      <line num="360" count="0" type="stmt"/>
      <line num="361" count="0" type="stmt"/>
      <line num="362" count="0" type="stmt"/>
      <line num="364" count="0" type="stmt"/>
      <line num="366" count="0" type="cond" truecount="0" falsecount="4"/>
      <line num="367" count="0" type="stmt"/>
      <line num="368" count="0" type="cond" truecount="0" falsecount="2"/>
      <line num="369" count="0" type="stmt"/>
      <line num="372" count="0" type="stmt"/>
      <line num="377" count="3" type="stmt"/>
      <line num="378" count="3" type="stmt"/>
      <line num="380" count="3" type="cond" truecount="2" falsecount="0"/>
      <line num="381" count="2" type="stmt"/>
      <line num="382" count="2" type="stmt"/>
      <line num="383" count="2" type="stmt"/>
      <line num="384" count="2" type="stmt"/>
      <line num="387" count="1" type="cond" truecount="1" falsecount="1"/>
      <line num="388" count="0" type="stmt"/>
      <line num="389" count="0" type="stmt"/>
      <line num="390" count="0" type="stmt"/>
      <line num="391" count="0" type="stmt"/>
      <line num="394" count="1" type="stmt"/>
      <line num="398" count="0" type="cond" truecount="0" falsecount="2"/>
      <line num="400" count="0" type="stmt"/>
      <line num="402" count="0" type="stmt"/>
      <line num="404" count="0" type="cond" truecount="0" falsecount="2"/>
      <line num="405" count="0" type="cond" truecount="0" falsecount="2"/>
      <line num="407" count="0" type="stmt"/>
      <line num="409" count="0" type="cond" truecount="0" falsecount="2"/>
      <line num="413" count="0" type="stmt"/>
      <line num="419" count="0" type="stmt"/>
      <line num="421" count="0" type="stmt"/>
      <line num="422" count="0" type="stmt"/>
      <line num="423" count="0" type="stmt"/>
      <line num="424" count="0" type="stmt"/>
      <line num="427" count="0" type="stmt"/>
      <line num="428" count="0" type="stmt"/>
      <line num="429" count="0" type="stmt"/>
      <line num="434" count="1" type="cond" truecount="1" falsecount="1"/>
      <line num="435" count="0" type="stmt"/>
      <line num="437" count="1" type="stmt"/>
    </file>
  </project>
</coverage>
