{"/Users/tina/Downloads/Coding/edu-ai-challenge-2025/7/seabattle_refactored.js": {"path":"/Users/tina/Downloads/Coding/edu-ai-challenge-2025/7/seabattle_refactored.js","statementMap":{"0":{"start":{"line":1,"column":17},"end":{"line":1,"column":36}},"1":{"start":{"line":4,"column":15},"end":{"line":18,"column":1}},"2":{"start":{"line":23,"column":4},"end":{"line":23,"column":40}},"3":{"start":{"line":24,"column":4},"end":{"line":24,"column":26}},"4":{"start":{"line":28,"column":4},"end":{"line":31,"column":5}},"5":{"start":{"line":29,"column":6},"end":{"line":29,"column":30}},"6":{"start":{"line":30,"column":6},"end":{"line":30,"column":18}},"7":{"start":{"line":32,"column":4},"end":{"line":32,"column":17}},"8":{"start":{"line":36,"column":4},"end":{"line":36,"column":50}},"9":{"start":{"line":40,"column":4},"end":{"line":40,"column":40}},"10":{"start":{"line":44,"column":4},"end":{"line":44,"column":35}},"11":{"start":{"line":51,"column":4},"end":{"line":52,"column":70}},"12":{"start":{"line":52,"column":17},"end":{"line":52,"column":68}},"13":{"start":{"line":53,"column":4},"end":{"line":53,"column":20}},"14":{"start":{"line":54,"column":4},"end":{"line":54,"column":29}},"15":{"start":{"line":58,"column":4},"end":{"line":63,"column":5}},"16":{"start":{"line":59,"column":25},"end":{"line":59,"column":53}},"17":{"start":{"line":60,"column":6},"end":{"line":62,"column":7}},"18":{"start":{"line":61,"column":8},"end":{"line":61,"column":50}},"19":{"start":{"line":64,"column":4},"end":{"line":64,"column":26}},"20":{"start":{"line":68,"column":22},"end":{"line":68,"column":23}},"21":{"start":{"line":69,"column":24},"end":{"line":69,"column":28}},"22":{"start":{"line":70,"column":19},"end":{"line":70,"column":20}},"23":{"start":{"line":72,"column":4},"end":{"line":80,"column":5}},"24":{"start":{"line":73,"column":6},"end":{"line":73,"column":17}},"25":{"start":{"line":74,"column":19},"end":{"line":74,"column":44}},"26":{"start":{"line":76,"column":6},"end":{"line":79,"column":7}},"27":{"start":{"line":77,"column":8},"end":{"line":77,"column":42}},"28":{"start":{"line":78,"column":8},"end":{"line":78,"column":22}},"29":{"start":{"line":82,"column":4},"end":{"line":84,"column":5}},"30":{"start":{"line":83,"column":6},"end":{"line":83,"column":81}},"31":{"start":{"line":86,"column":4},"end":{"line":86,"column":59}},"32":{"start":{"line":90,"column":24},"end":{"line":90,"column":71}},"33":{"start":{"line":91,"column":24},"end":{"line":93,"column":29}},"34":{"start":{"line":94,"column":24},"end":{"line":96,"column":29}},"35":{"start":{"line":98,"column":21},"end":{"line":98,"column":66}},"36":{"start":{"line":99,"column":21},"end":{"line":99,"column":66}},"37":{"start":{"line":101,"column":22},"end":{"line":101,"column":24}},"38":{"start":{"line":102,"column":4},"end":{"line":106,"column":5}},"39":{"start":{"line":102,"column":17},"end":{"line":102,"column":18}},"40":{"start":{"line":103,"column":18},"end":{"line":103,"column":70}},"41":{"start":{"line":104,"column":18},"end":{"line":104,"column":72}},"42":{"start":{"line":105,"column":6},"end":{"line":105,"column":52}},"43":{"start":{"line":108,"column":4},"end":{"line":108,"column":31}},"44":{"start":{"line":112,"column":4},"end":{"line":116,"column":6}},"45":{"start":{"line":113,"column":6},"end":{"line":115,"column":7}},"46":{"start":{"line":114,"column":8},"end":{"line":114,"column":51}},"47":{"start":{"line":120,"column":4},"end":{"line":122,"column":5}},"48":{"start":{"line":121,"column":6},"end":{"line":121,"column":90}},"49":{"start":{"line":124,"column":4},"end":{"line":124,"column":28}},"50":{"start":{"line":125,"column":23},"end":{"line":125,"column":48}},"51":{"start":{"line":127,"column":4},"end":{"line":141,"column":5}},"52":{"start":{"line":128,"column":6},"end":{"line":140,"column":7}},"53":{"start":{"line":129,"column":8},"end":{"line":131,"column":9}},"54":{"start":{"line":130,"column":10},"end":{"line":130,"column":82}},"55":{"start":{"line":133,"column":8},"end":{"line":133,"column":24}},"56":{"start":{"line":134,"column":8},"end":{"line":134,"column":49}},"57":{"start":{"line":136,"column":8},"end":{"line":138,"column":9}},"58":{"start":{"line":137,"column":10},"end":{"line":137,"column":77}},"59":{"start":{"line":139,"column":8},"end":{"line":139,"column":50}},"60":{"start":{"line":143,"column":4},"end":{"line":143,"column":46}},"61":{"start":{"line":144,"column":4},"end":{"line":144,"column":48}},"62":{"start":{"line":148,"column":4},"end":{"line":148,"column":60}},"63":{"start":{"line":148,"column":37},"end":{"line":148,"column":51}},"64":{"start":{"line":152,"column":4},"end":{"line":152,"column":26}},"65":{"start":{"line":156,"column":4},"end":{"line":156,"column":58}},"66":{"start":{"line":160,"column":4},"end":{"line":160,"column":41}},"67":{"start":{"line":163,"column":17},"end":{"line":163,"column":21}},"68":{"start":{"line":164,"column":4},"end":{"line":166,"column":5}},"69":{"start":{"line":164,"column":17},"end":{"line":164,"column":18}},"70":{"start":{"line":165,"column":6},"end":{"line":165,"column":24}},"71":{"start":{"line":167,"column":4},"end":{"line":167,"column":24}},"72":{"start":{"line":170,"column":4},"end":{"line":176,"column":5}},"73":{"start":{"line":170,"column":17},"end":{"line":170,"column":18}},"74":{"start":{"line":171,"column":19},"end":{"line":171,"column":26}},"75":{"start":{"line":172,"column":6},"end":{"line":174,"column":7}},"76":{"start":{"line":172,"column":19},"end":{"line":172,"column":20}},"77":{"start":{"line":173,"column":8},"end":{"line":173,"column":40}},"78":{"start":{"line":175,"column":6},"end":{"line":175,"column":26}},"79":{"start":{"line":177,"column":4},"end":{"line":177,"column":18}},"80":{"start":{"line":184,"column":4},"end":{"line":184,"column":38}},"81":{"start":{"line":185,"column":4},"end":{"line":185,"column":26}},"82":{"start":{"line":186,"column":4},"end":{"line":186,"column":29}},"83":{"start":{"line":192,"column":4},"end":{"line":198,"column":5}},"84":{"start":{"line":193,"column":6},"end":{"line":193,"column":39}},"85":{"start":{"line":194,"column":6},"end":{"line":194,"column":43}},"86":{"start":{"line":196,"column":6},"end":{"line":196,"column":40}},"87":{"start":{"line":197,"column":6},"end":{"line":197,"column":41}},"88":{"start":{"line":200,"column":4},"end":{"line":200,"column":28}},"89":{"start":{"line":201,"column":4},"end":{"line":201,"column":17}},"90":{"start":{"line":206,"column":4},"end":{"line":210,"column":38}},"91":{"start":{"line":207,"column":18},"end":{"line":207,"column":63}},"92":{"start":{"line":208,"column":18},"end":{"line":208,"column":63}},"93":{"start":{"line":209,"column":6},"end":{"line":209,"column":29}},"94":{"start":{"line":212,"column":4},"end":{"line":212,"column":17}},"95":{"start":{"line":216,"column":4},"end":{"line":222,"column":5}},"96":{"start":{"line":217,"column":6},"end":{"line":217,"column":40}},"97":{"start":{"line":218,"column":6},"end":{"line":218,"column":28}},"98":{"start":{"line":220,"column":6},"end":{"line":220,"column":42}},"99":{"start":{"line":221,"column":6},"end":{"line":221,"column":40}},"100":{"start":{"line":226,"column":4},"end":{"line":228,"column":5}},"101":{"start":{"line":227,"column":6},"end":{"line":227,"column":40}},"102":{"start":{"line":232,"column":23},"end":{"line":232,"column":69}},"103":{"start":{"line":233,"column":26},"end":{"line":238,"column":5}},"104":{"start":{"line":240,"column":4},"end":{"line":247,"column":5}},"105":{"start":{"line":241,"column":6},"end":{"line":246,"column":7}},"106":{"start":{"line":242,"column":28},"end":{"line":242,"column":48}},"107":{"start":{"line":243,"column":8},"end":{"line":245,"column":9}},"108":{"start":{"line":244,"column":10},"end":{"line":244,"column":45}},"109":{"start":{"line":251,"column":4},"end":{"line":252,"column":47}},"110":{"start":{"line":259,"column":4},"end":{"line":259,"column":35}},"111":{"start":{"line":260,"column":4},"end":{"line":260,"column":37}},"112":{"start":{"line":261,"column":4},"end":{"line":261,"column":29}},"113":{"start":{"line":262,"column":4},"end":{"line":265,"column":7}},"114":{"start":{"line":269,"column":4},"end":{"line":269,"column":51}},"115":{"start":{"line":271,"column":4},"end":{"line":282,"column":5}},"116":{"start":{"line":272,"column":6},"end":{"line":272,"column":66}},"117":{"start":{"line":273,"column":6},"end":{"line":273,"column":69}},"118":{"start":{"line":275,"column":6},"end":{"line":275,"column":46}},"119":{"start":{"line":276,"column":6},"end":{"line":276,"column":70}},"120":{"start":{"line":278,"column":6},"end":{"line":278,"column":22}},"121":{"start":{"line":280,"column":6},"end":{"line":280,"column":63}},"122":{"start":{"line":281,"column":6},"end":{"line":281,"column":22}},"123":{"start":{"line":286,"column":4},"end":{"line":286,"column":75}},"124":{"start":{"line":289,"column":17},"end":{"line":289,"column":21}},"125":{"start":{"line":290,"column":4},"end":{"line":292,"column":5}},"126":{"start":{"line":290,"column":17},"end":{"line":290,"column":18}},"127":{"start":{"line":291,"column":6},"end":{"line":291,"column":24}},"128":{"start":{"line":293,"column":4},"end":{"line":293,"column":43}},"129":{"start":{"line":296,"column":4},"end":{"line":312,"column":5}},"130":{"start":{"line":296,"column":17},"end":{"line":296,"column":18}},"131":{"start":{"line":297,"column":19},"end":{"line":297,"column":26}},"132":{"start":{"line":300,"column":6},"end":{"line":302,"column":7}},"133":{"start":{"line":300,"column":19},"end":{"line":300,"column":20}},"134":{"start":{"line":301,"column":8},"end":{"line":301,"column":54}},"135":{"start":{"line":304,"column":6},"end":{"line":304,"column":33}},"136":{"start":{"line":307,"column":6},"end":{"line":309,"column":7}},"137":{"start":{"line":307,"column":19},"end":{"line":307,"column":20}},"138":{"start":{"line":308,"column":8},"end":{"line":308,"column":52}},"139":{"start":{"line":311,"column":6},"end":{"line":311,"column":26}},"140":{"start":{"line":313,"column":4},"end":{"line":313,"column":18}},"141":{"start":{"line":317,"column":4},"end":{"line":319,"column":5}},"142":{"start":{"line":318,"column":6},"end":{"line":318,"column":95}},"143":{"start":{"line":321,"column":16},"end":{"line":321,"column":34}},"144":{"start":{"line":322,"column":16},"end":{"line":322,"column":34}},"145":{"start":{"line":324,"column":4},"end":{"line":331,"column":5}},"146":{"start":{"line":327,"column":6},"end":{"line":330,"column":8}},"147":{"start":{"line":333,"column":4},"end":{"line":333,"column":44}},"148":{"start":{"line":337,"column":4},"end":{"line":356,"column":7}},"149":{"start":{"line":338,"column":6},"end":{"line":355,"column":9}},"150":{"start":{"line":339,"column":27},"end":{"line":339,"column":59}},"151":{"start":{"line":341,"column":8},"end":{"line":345,"column":9}},"152":{"start":{"line":342,"column":10},"end":{"line":342,"column":53}},"153":{"start":{"line":343,"column":10},"end":{"line":343,"column":25}},"154":{"start":{"line":344,"column":10},"end":{"line":344,"column":17}},"155":{"start":{"line":347,"column":23},"end":{"line":347,"column":75}},"156":{"start":{"line":348,"column":8},"end":{"line":348,"column":48}},"157":{"start":{"line":350,"column":8},"end":{"line":352,"column":9}},"158":{"start":{"line":351,"column":10},"end":{"line":351,"column":55}},"159":{"start":{"line":354,"column":8},"end":{"line":354,"column":88}},"160":{"start":{"line":360,"column":4},"end":{"line":360,"column":40}},"161":{"start":{"line":361,"column":18},"end":{"line":361,"column":37}},"162":{"start":{"line":362,"column":19},"end":{"line":362,"column":55}},"163":{"start":{"line":364,"column":4},"end":{"line":364,"column":53}},"164":{"start":{"line":366,"column":4},"end":{"line":373,"column":5}},"165":{"start":{"line":367,"column":6},"end":{"line":367,"column":53}},"166":{"start":{"line":368,"column":6},"end":{"line":370,"column":7}},"167":{"start":{"line":369,"column":8},"end":{"line":369,"column":49}},"168":{"start":{"line":372,"column":6},"end":{"line":372,"column":23}},"169":{"start":{"line":377,"column":33},"end":{"line":377,"column":69}},"170":{"start":{"line":378,"column":35},"end":{"line":378,"column":73}},"171":{"start":{"line":380,"column":4},"end":{"line":385,"column":5}},"172":{"start":{"line":381,"column":6},"end":{"line":381,"column":80}},"173":{"start":{"line":382,"column":6},"end":{"line":382,"column":25}},"174":{"start":{"line":383,"column":6},"end":{"line":383,"column":22}},"175":{"start":{"line":384,"column":6},"end":{"line":384,"column":18}},"176":{"start":{"line":387,"column":4},"end":{"line":392,"column":5}},"177":{"start":{"line":388,"column":6},"end":{"line":388,"column":77}},"178":{"start":{"line":389,"column":6},"end":{"line":389,"column":25}},"179":{"start":{"line":390,"column":6},"end":{"line":390,"column":22}},"180":{"start":{"line":391,"column":6},"end":{"line":391,"column":18}},"181":{"start":{"line":394,"column":4},"end":{"line":394,"column":17}},"182":{"start":{"line":398,"column":4},"end":{"line":398,"column":36}},"183":{"start":{"line":398,"column":29},"end":{"line":398,"column":36}},"184":{"start":{"line":400,"column":4},"end":{"line":400,"column":23}},"185":{"start":{"line":402,"column":32},"end":{"line":402,"column":55}},"186":{"start":{"line":404,"column":4},"end":{"line":410,"column":5}},"187":{"start":{"line":405,"column":6},"end":{"line":405,"column":38}},"188":{"start":{"line":405,"column":31},"end":{"line":405,"column":38}},"189":{"start":{"line":407,"column":6},"end":{"line":407,"column":21}},"190":{"start":{"line":409,"column":6},"end":{"line":409,"column":38}},"191":{"start":{"line":409,"column":31},"end":{"line":409,"column":38}},"192":{"start":{"line":413,"column":4},"end":{"line":413,"column":40}},"193":{"start":{"line":413,"column":23},"end":{"line":413,"column":38}},"194":{"start":{"line":419,"column":15},"end":{"line":419,"column":34}},"195":{"start":{"line":421,"column":2},"end":{"line":425,"column":5}},"196":{"start":{"line":422,"column":4},"end":{"line":422,"column":61}},"197":{"start":{"line":423,"column":4},"end":{"line":423,"column":20}},"198":{"start":{"line":424,"column":4},"end":{"line":424,"column":20}},"199":{"start":{"line":427,"column":2},"end":{"line":430,"column":5}},"200":{"start":{"line":428,"column":4},"end":{"line":428,"column":46}},"201":{"start":{"line":429,"column":4},"end":{"line":429,"column":20}},"202":{"start":{"line":434,"column":0},"end":{"line":438,"column":1}},"203":{"start":{"line":435,"column":2},"end":{"line":435,"column":14}},"204":{"start":{"line":437,"column":2},"end":{"line":437,"column":68}}},"fnMap":{"0":{"name":"(anonymous_0)","decl":{"start":{"line":22,"column":2},"end":{"line":22,"column":3}},"loc":{"start":{"line":22,"column":25},"end":{"line":25,"column":3}},"line":22},"1":{"name":"(anonymous_1)","decl":{"start":{"line":27,"column":2},"end":{"line":27,"column":3}},"loc":{"start":{"line":27,"column":16},"end":{"line":33,"column":3}},"line":27},"2":{"name":"(anonymous_2)","decl":{"start":{"line":35,"column":2},"end":{"line":35,"column":3}},"loc":{"start":{"line":35,"column":11},"end":{"line":37,"column":3}},"line":35},"3":{"name":"(anonymous_3)","decl":{"start":{"line":39,"column":2},"end":{"line":39,"column":3}},"loc":{"start":{"line":39,"column":33},"end":{"line":41,"column":3}},"line":39},"4":{"name":"(anonymous_4)","decl":{"start":{"line":43,"column":2},"end":{"line":43,"column":3}},"loc":{"start":{"line":43,"column":25},"end":{"line":45,"column":3}},"line":43},"5":{"name":"(anonymous_5)","decl":{"start":{"line":50,"column":2},"end":{"line":50,"column":3}},"loc":{"start":{"line":50,"column":16},"end":{"line":55,"column":3}},"line":50},"6":{"name":"(anonymous_6)","decl":{"start":{"line":52,"column":11},"end":{"line":52,"column":12}},"loc":{"start":{"line":52,"column":17},"end":{"line":52,"column":68}},"line":52},"7":{"name":"(anonymous_7)","decl":{"start":{"line":57,"column":2},"end":{"line":57,"column":3}},"loc":{"start":{"line":57,"column":39},"end":{"line":65,"column":3}},"line":57},"8":{"name":"(anonymous_8)","decl":{"start":{"line":67,"column":2},"end":{"line":67,"column":3}},"loc":{"start":{"line":67,"column":57},"end":{"line":87,"column":3}},"line":67},"9":{"name":"(anonymous_9)","decl":{"start":{"line":89,"column":2},"end":{"line":89,"column":3}},"loc":{"start":{"line":89,"column":23},"end":{"line":109,"column":3}},"line":89},"10":{"name":"(anonymous_10)","decl":{"start":{"line":111,"column":2},"end":{"line":111,"column":3}},"loc":{"start":{"line":111,"column":24},"end":{"line":117,"column":3}},"line":111},"11":{"name":"(anonymous_11)","decl":{"start":{"line":112,"column":27},"end":{"line":112,"column":28}},"loc":{"start":{"line":113,"column":6},"end":{"line":115,"column":7}},"line":113},"12":{"name":"(anonymous_12)","decl":{"start":{"line":113,"column":34},"end":{"line":113,"column":35}},"loc":{"start":{"line":114,"column":8},"end":{"line":114,"column":51}},"line":114},"13":{"name":"(anonymous_13)","decl":{"start":{"line":119,"column":2},"end":{"line":119,"column":3}},"loc":{"start":{"line":119,"column":22},"end":{"line":145,"column":3}},"line":119},"14":{"name":"(anonymous_14)","decl":{"start":{"line":147,"column":2},"end":{"line":147,"column":3}},"loc":{"start":{"line":147,"column":22},"end":{"line":149,"column":3}},"line":147},"15":{"name":"(anonymous_15)","decl":{"start":{"line":148,"column":29},"end":{"line":148,"column":30}},"loc":{"start":{"line":148,"column":37},"end":{"line":148,"column":51}},"line":148},"16":{"name":"(anonymous_16)","decl":{"start":{"line":151,"column":2},"end":{"line":151,"column":3}},"loc":{"start":{"line":151,"column":27},"end":{"line":153,"column":3}},"line":151},"17":{"name":"(anonymous_17)","decl":{"start":{"line":155,"column":2},"end":{"line":155,"column":3}},"loc":{"start":{"line":155,"column":26},"end":{"line":157,"column":3}},"line":155},"18":{"name":"(anonymous_18)","decl":{"start":{"line":159,"column":2},"end":{"line":159,"column":3}},"loc":{"start":{"line":159,"column":25},"end":{"line":178,"column":3}},"line":159},"19":{"name":"(anonymous_19)","decl":{"start":{"line":183,"column":2},"end":{"line":183,"column":3}},"loc":{"start":{"line":183,"column":16},"end":{"line":187,"column":3}},"line":183},"20":{"name":"(anonymous_20)","decl":{"start":{"line":189,"column":2},"end":{"line":189,"column":3}},"loc":{"start":{"line":189,"column":14},"end":{"line":202,"column":3}},"line":189},"21":{"name":"(anonymous_21)","decl":{"start":{"line":204,"column":2},"end":{"line":204,"column":3}},"loc":{"start":{"line":204,"column":24},"end":{"line":213,"column":3}},"line":204},"22":{"name":"(anonymous_22)","decl":{"start":{"line":215,"column":2},"end":{"line":215,"column":3}},"loc":{"start":{"line":215,"column":27},"end":{"line":223,"column":3}},"line":215},"23":{"name":"(anonymous_23)","decl":{"start":{"line":225,"column":2},"end":{"line":225,"column":3}},"loc":{"start":{"line":225,"column":11},"end":{"line":229,"column":3}},"line":225},"24":{"name":"(anonymous_24)","decl":{"start":{"line":231,"column":2},"end":{"line":231,"column":3}},"loc":{"start":{"line":231,"column":31},"end":{"line":248,"column":3}},"line":231},"25":{"name":"(anonymous_25)","decl":{"start":{"line":250,"column":2},"end":{"line":250,"column":3}},"loc":{"start":{"line":250,"column":28},"end":{"line":253,"column":3}},"line":250},"26":{"name":"(anonymous_26)","decl":{"start":{"line":258,"column":2},"end":{"line":258,"column":3}},"loc":{"start":{"line":258,"column":16},"end":{"line":266,"column":3}},"line":258},"27":{"name":"(anonymous_27)","decl":{"start":{"line":268,"column":2},"end":{"line":268,"column":3}},"loc":{"start":{"line":268,"column":21},"end":{"line":283,"column":3}},"line":268},"28":{"name":"(anonymous_28)","decl":{"start":{"line":285,"column":2},"end":{"line":285,"column":3}},"loc":{"start":{"line":285,"column":16},"end":{"line":314,"column":3}},"line":285},"29":{"name":"(anonymous_29)","decl":{"start":{"line":316,"column":2},"end":{"line":316,"column":3}},"loc":{"start":{"line":316,"column":29},"end":{"line":334,"column":3}},"line":316},"30":{"name":"(anonymous_30)","decl":{"start":{"line":336,"column":2},"end":{"line":336,"column":3}},"loc":{"start":{"line":336,"column":21},"end":{"line":357,"column":3}},"line":336},"31":{"name":"(anonymous_31)","decl":{"start":{"line":337,"column":23},"end":{"line":337,"column":24}},"loc":{"start":{"line":337,"column":36},"end":{"line":356,"column":5}},"line":337},"32":{"name":"(anonymous_32)","decl":{"start":{"line":338,"column":56},"end":{"line":338,"column":57}},"loc":{"start":{"line":338,"column":68},"end":{"line":355,"column":7}},"line":338},"33":{"name":"(anonymous_33)","decl":{"start":{"line":359,"column":2},"end":{"line":359,"column":3}},"loc":{"start":{"line":359,"column":12},"end":{"line":374,"column":3}},"line":359},"34":{"name":"(anonymous_34)","decl":{"start":{"line":376,"column":2},"end":{"line":376,"column":3}},"loc":{"start":{"line":376,"column":17},"end":{"line":395,"column":3}},"line":376},"35":{"name":"(anonymous_35)","decl":{"start":{"line":397,"column":2},"end":{"line":397,"column":3}},"loc":{"start":{"line":397,"column":19},"end":{"line":414,"column":3}},"line":397},"36":{"name":"(anonymous_36)","decl":{"start":{"line":413,"column":17},"end":{"line":413,"column":18}},"loc":{"start":{"line":413,"column":23},"end":{"line":413,"column":38}},"line":413},"37":{"name":"startGame","decl":{"start":{"line":418,"column":9},"end":{"line":418,"column":18}},"loc":{"start":{"line":418,"column":21},"end":{"line":431,"column":1}},"line":418},"38":{"name":"(anonymous_38)","decl":{"start":{"line":421,"column":23},"end":{"line":421,"column":24}},"loc":{"start":{"line":421,"column":29},"end":{"line":425,"column":3}},"line":421},"39":{"name":"(anonymous_39)","decl":{"start":{"line":427,"column":26},"end":{"line":427,"column":27}},"loc":{"start":{"line":427,"column":35},"end":{"line":430,"column":3}},"line":427}},"branchMap":{"0":{"loc":{"start":{"line":28,"column":4},"end":{"line":31,"column":5}},"type":"if","locations":[{"start":{"line":28,"column":4},"end":{"line":31,"column":5}},{"start":{},"end":{}}],"line":28},"1":{"loc":{"start":{"line":57,"column":18},"end":{"line":57,"column":37}},"type":"default-arg","locations":[{"start":{"line":57,"column":32},"end":{"line":57,"column":37}}],"line":57},"2":{"loc":{"start":{"line":60,"column":6},"end":{"line":62,"column":7}},"type":"if","locations":[{"start":{"line":60,"column":6},"end":{"line":62,"column":7}},{"start":{},"end":{}}],"line":60},"3":{"loc":{"start":{"line":67,"column":36},"end":{"line":67,"column":55}},"type":"default-arg","locations":[{"start":{"line":67,"column":50},"end":{"line":67,"column":55}}],"line":67},"4":{"loc":{"start":{"line":72,"column":11},"end":{"line":72,"column":64}},"type":"binary-expr","locations":[{"start":{"line":72,"column":11},"end":{"line":72,"column":38}},{"start":{"line":72,"column":42},"end":{"line":72,"column":64}}],"line":72},"5":{"loc":{"start":{"line":76,"column":6},"end":{"line":79,"column":7}},"type":"if","locations":[{"start":{"line":76,"column":6},"end":{"line":79,"column":7}},{"start":{},"end":{}}],"line":76},"6":{"loc":{"start":{"line":76,"column":10},"end":{"line":76,"column":42}},"type":"binary-expr","locations":[{"start":{"line":76,"column":10},"end":{"line":76,"column":14}},{"start":{"line":76,"column":18},"end":{"line":76,"column":42}}],"line":76},"7":{"loc":{"start":{"line":82,"column":4},"end":{"line":84,"column":5}},"type":"if","locations":[{"start":{"line":82,"column":4},"end":{"line":84,"column":5}},{"start":{},"end":{}}],"line":82},"8":{"loc":{"start":{"line":90,"column":24},"end":{"line":90,"column":71}},"type":"cond-expr","locations":[{"start":{"line":90,"column":46},"end":{"line":90,"column":58}},{"start":{"line":90,"column":61},"end":{"line":90,"column":71}}],"line":90},"9":{"loc":{"start":{"line":91,"column":24},"end":{"line":93,"column":29}},"type":"cond-expr","locations":[{"start":{"line":92,"column":8},"end":{"line":92,"column":46}},{"start":{"line":93,"column":8},"end":{"line":93,"column":29}}],"line":91},"10":{"loc":{"start":{"line":94,"column":24},"end":{"line":96,"column":29}},"type":"cond-expr","locations":[{"start":{"line":95,"column":8},"end":{"line":95,"column":46}},{"start":{"line":96,"column":8},"end":{"line":96,"column":29}}],"line":94},"11":{"loc":{"start":{"line":103,"column":18},"end":{"line":103,"column":70}},"type":"cond-expr","locations":[{"start":{"line":103,"column":47},"end":{"line":103,"column":59}},{"start":{"line":103,"column":62},"end":{"line":103,"column":70}}],"line":103},"12":{"loc":{"start":{"line":104,"column":18},"end":{"line":104,"column":72}},"type":"cond-expr","locations":[{"start":{"line":104,"column":49},"end":{"line":104,"column":61}},{"start":{"line":104,"column":64},"end":{"line":104,"column":72}}],"line":104},"13":{"loc":{"start":{"line":120,"column":4},"end":{"line":122,"column":5}},"type":"if","locations":[{"start":{"line":120,"column":4},"end":{"line":122,"column":5}},{"start":{},"end":{}}],"line":120},"14":{"loc":{"start":{"line":128,"column":6},"end":{"line":140,"column":7}},"type":"if","locations":[{"start":{"line":128,"column":6},"end":{"line":140,"column":7}},{"start":{},"end":{}}],"line":128},"15":{"loc":{"start":{"line":129,"column":8},"end":{"line":131,"column":9}},"type":"if","locations":[{"start":{"line":129,"column":8},"end":{"line":131,"column":9}},{"start":{},"end":{}}],"line":129},"16":{"loc":{"start":{"line":136,"column":8},"end":{"line":138,"column":9}},"type":"if","locations":[{"start":{"line":136,"column":8},"end":{"line":138,"column":9}},{"start":{},"end":{}}],"line":136},"17":{"loc":{"start":{"line":159,"column":8},"end":{"line":159,"column":23}},"type":"default-arg","locations":[{"start":{"line":159,"column":16},"end":{"line":159,"column":23}}],"line":159},"18":{"loc":{"start":{"line":192,"column":4},"end":{"line":198,"column":5}},"type":"if","locations":[{"start":{"line":192,"column":4},"end":{"line":198,"column":5}},{"start":{"line":195,"column":11},"end":{"line":198,"column":5}}],"line":192},"19":{"loc":{"start":{"line":192,"column":8},"end":{"line":192,"column":76}},"type":"binary-expr","locations":[{"start":{"line":192,"column":8},"end":{"line":192,"column":45}},{"start":{"line":192,"column":49},"end":{"line":192,"column":76}}],"line":192},"20":{"loc":{"start":{"line":216,"column":4},"end":{"line":222,"column":5}},"type":"if","locations":[{"start":{"line":216,"column":4},"end":{"line":222,"column":5}},{"start":{"line":219,"column":11},"end":{"line":222,"column":5}}],"line":216},"21":{"loc":{"start":{"line":226,"column":4},"end":{"line":228,"column":5}},"type":"if","locations":[{"start":{"line":226,"column":4},"end":{"line":228,"column":5}},{"start":{},"end":{}}],"line":226},"22":{"loc":{"start":{"line":226,"column":8},"end":{"line":226,"column":78}},"type":"binary-expr","locations":[{"start":{"line":226,"column":8},"end":{"line":226,"column":45}},{"start":{"line":226,"column":49},"end":{"line":226,"column":78}}],"line":226},"23":{"loc":{"start":{"line":241,"column":6},"end":{"line":246,"column":7}},"type":"if","locations":[{"start":{"line":241,"column":6},"end":{"line":246,"column":7}},{"start":{},"end":{}}],"line":241},"24":{"loc":{"start":{"line":243,"column":8},"end":{"line":245,"column":9}},"type":"if","locations":[{"start":{"line":243,"column":8},"end":{"line":245,"column":9}},{"start":{},"end":{}}],"line":243},"25":{"loc":{"start":{"line":243,"column":12},"end":{"line":243,"column":85}},"type":"binary-expr","locations":[{"start":{"line":243,"column":12},"end":{"line":243,"column":42}},{"start":{"line":243,"column":46},"end":{"line":243,"column":85}}],"line":243},"26":{"loc":{"start":{"line":251,"column":11},"end":{"line":252,"column":46}},"type":"binary-expr","locations":[{"start":{"line":251,"column":11},"end":{"line":251,"column":19}},{"start":{"line":251,"column":23},"end":{"line":251,"column":46}},{"start":{"line":252,"column":11},"end":{"line":252,"column":19}},{"start":{"line":252,"column":23},"end":{"line":252,"column":46}}],"line":251},"27":{"loc":{"start":{"line":317,"column":4},"end":{"line":319,"column":5}},"type":"if","locations":[{"start":{"line":317,"column":4},"end":{"line":319,"column":5}},{"start":{},"end":{}}],"line":317},"28":{"loc":{"start":{"line":317,"column":8},"end":{"line":317,"column":36}},"type":"binary-expr","locations":[{"start":{"line":317,"column":8},"end":{"line":317,"column":14}},{"start":{"line":317,"column":18},"end":{"line":317,"column":36}}],"line":317},"29":{"loc":{"start":{"line":324,"column":4},"end":{"line":331,"column":5}},"type":"if","locations":[{"start":{"line":324,"column":4},"end":{"line":331,"column":5}},{"start":{},"end":{}}],"line":324},"30":{"loc":{"start":{"line":324,"column":8},"end":{"line":326,"column":43}},"type":"binary-expr","locations":[{"start":{"line":324,"column":8},"end":{"line":324,"column":18}},{"start":{"line":324,"column":22},"end":{"line":324,"column":32}},{"start":{"line":325,"column":8},"end":{"line":325,"column":15}},{"start":{"line":325,"column":19},"end":{"line":325,"column":43}},{"start":{"line":326,"column":8},"end":{"line":326,"column":15}},{"start":{"line":326,"column":19},"end":{"line":326,"column":43}}],"line":324},"31":{"loc":{"start":{"line":341,"column":8},"end":{"line":345,"column":9}},"type":"if","locations":[{"start":{"line":341,"column":8},"end":{"line":345,"column":9}},{"start":{},"end":{}}],"line":341},"32":{"loc":{"start":{"line":350,"column":8},"end":{"line":352,"column":9}},"type":"if","locations":[{"start":{"line":350,"column":8},"end":{"line":352,"column":9}},{"start":{},"end":{}}],"line":350},"33":{"loc":{"start":{"line":354,"column":16},"end":{"line":354,"column":86}},"type":"binary-expr","locations":[{"start":{"line":354,"column":16},"end":{"line":354,"column":51}},{"start":{"line":354,"column":55},"end":{"line":354,"column":86}}],"line":354},"34":{"loc":{"start":{"line":366,"column":4},"end":{"line":373,"column":5}},"type":"if","locations":[{"start":{"line":366,"column":4},"end":{"line":373,"column":5}},{"start":{"line":371,"column":11},"end":{"line":373,"column":5}}],"line":366},"35":{"loc":{"start":{"line":366,"column":8},"end":{"line":366,"column":59}},"type":"binary-expr","locations":[{"start":{"line":366,"column":8},"end":{"line":366,"column":31}},{"start":{"line":366,"column":35},"end":{"line":366,"column":59}}],"line":366},"36":{"loc":{"start":{"line":368,"column":6},"end":{"line":370,"column":7}},"type":"if","locations":[{"start":{"line":368,"column":6},"end":{"line":370,"column":7}},{"start":{},"end":{}}],"line":368},"37":{"loc":{"start":{"line":380,"column":4},"end":{"line":385,"column":5}},"type":"if","locations":[{"start":{"line":380,"column":4},"end":{"line":385,"column":5}},{"start":{},"end":{}}],"line":380},"38":{"loc":{"start":{"line":387,"column":4},"end":{"line":392,"column":5}},"type":"if","locations":[{"start":{"line":387,"column":4},"end":{"line":392,"column":5}},{"start":{},"end":{}}],"line":387},"39":{"loc":{"start":{"line":398,"column":4},"end":{"line":398,"column":36}},"type":"if","locations":[{"start":{"line":398,"column":4},"end":{"line":398,"column":36}},{"start":{},"end":{}}],"line":398},"40":{"loc":{"start":{"line":404,"column":4},"end":{"line":410,"column":5}},"type":"if","locations":[{"start":{"line":404,"column":4},"end":{"line":410,"column":5}},{"start":{},"end":{}}],"line":404},"41":{"loc":{"start":{"line":405,"column":6},"end":{"line":405,"column":38}},"type":"if","locations":[{"start":{"line":405,"column":6},"end":{"line":405,"column":38}},{"start":{},"end":{}}],"line":405},"42":{"loc":{"start":{"line":409,"column":6},"end":{"line":409,"column":38}},"type":"if","locations":[{"start":{"line":409,"column":6},"end":{"line":409,"column":38}},{"start":{},"end":{}}],"line":409},"43":{"loc":{"start":{"line":434,"column":0},"end":{"line":438,"column":1}},"type":"if","locations":[{"start":{"line":434,"column":0},"end":{"line":438,"column":1}},{"start":{"line":436,"column":7},"end":{"line":438,"column":1}}],"line":434}},"s":{"0":1,"1":1,"2":24,"3":24,"4":13,"5":12,"6":12,"7":1,"8":17,"9":53,"10":9,"11":21,"12":210,"13":21,"14":21,"15":16,"16":48,"17":48,"18":3,"19":16,"20":4,"21":4,"22":4,"23":4,"24":10,"25":10,"26":10,"27":10,"28":10,"29":4,"30":0,"31":4,"32":11,"33":11,"34":11,"35":11,"36":11,"37":11,"38":11,"39":11,"40":33,"41":33,"42":33,"43":11,"44":12,"45":15,"46":43,"47":11,"48":2,"49":9,"50":9,"51":9,"52":8,"53":7,"54":0,"55":7,"56":7,"57":7,"58":2,"59":5,"60":2,"61":2,"62":8,"63":6,"64":34,"65":58,"66":0,"67":0,"68":0,"69":0,"70":0,"71":0,"72":0,"73":0,"74":0,"75":0,"76":0,"77":0,"78":0,"79":0,"80":14,"81":14,"82":14,"83":10,"84":0,"85":0,"86":10,"87":10,"88":10,"89":10,"90":11,"91":11,"92":11,"93":11,"94":11,"95":2,"96":1,"97":1,"98":1,"99":1,"100":0,"101":0,"102":5,"103":5,"104":5,"105":20,"106":14,"107":14,"108":14,"109":31,"110":5,"111":5,"112":5,"113":5,"114":0,"115":0,"116":0,"117":0,"118":0,"119":0,"120":0,"121":0,"122":0,"123":2,"124":2,"125":2,"126":2,"127":20,"128":2,"129":2,"130":2,"131":20,"132":20,"133":20,"134":200,"135":20,"136":20,"137":20,"138":200,"139":20,"140":2,"141":8,"142":3,"143":5,"144":5,"145":5,"146":2,"147":3,"148":0,"149":0,"150":0,"151":0,"152":0,"153":0,"154":0,"155":0,"156":0,"157":0,"158":0,"159":0,"160":0,"161":0,"162":0,"163":0,"164":0,"165":0,"166":0,"167":0,"168":0,"169":3,"170":3,"171":3,"172":2,"173":2,"174":2,"175":2,"176":1,"177":0,"178":0,"179":0,"180":0,"181":1,"182":0,"183":0,"184":0,"185":0,"186":0,"187":0,"188":0,"189":0,"190":0,"191":0,"192":0,"193":0,"194":0,"195":0,"196":0,"197":0,"198":0,"199":0,"200":0,"201":0,"202":1,"203":0,"204":1},"f":{"0":24,"1":13,"2":17,"3":53,"4":9,"5":21,"6":210,"7":16,"8":4,"9":11,"10":12,"11":15,"12":43,"13":11,"14":8,"15":6,"16":34,"17":58,"18":0,"19":14,"20":10,"21":11,"22":2,"23":0,"24":5,"25":31,"26":5,"27":0,"28":2,"29":8,"30":0,"31":0,"32":0,"33":0,"34":3,"35":0,"36":0,"37":0,"38":0,"39":0},"b":{"0":[12,1],"1":[5],"2":[3,45],"3":[0],"4":[14,10],"5":[10,0],"6":[10,10],"7":[0,4],"8":[8,3],"9":[3,8],"10":[8,3],"11":[9,24],"12":[24,9],"13":[2,9],"14":[7,1],"15":[0,7],"16":[2,5],"17":[0],"18":[0,10],"19":[10,0],"20":[1,1],"21":[0,0],"22":[0,0],"23":[14,6],"24":[14,0],"25":[14,14],"26":[31,28,26,24],"27":[3,5],"28":[8,7],"29":[2,3],"30":[5,3,3,3,3,3],"31":[0,0],"32":[0,0],"33":[0,0],"34":[0,0],"35":[0,0],"36":[0,0],"37":[2,1],"38":[0,1],"39":[0,0],"40":[0,0],"41":[0,0],"42":[0,0],"43":[0,1]},"_coverageSchema":"1a1c01bbd47fc00a2c39e90264f33305004495a9","hash":"c4258ca7130be0e5f7bf083e6e048ba082e5f196"}
}
