TN:
SF:seabattle_refactored.js
FN:22,(anonymous_0)
FN:27,(anonymous_1)
FN:35,(anonymous_2)
FN:39,(anonymous_3)
FN:43,(anonymous_4)
FN:50,(anonymous_5)
FN:52,(anonymous_6)
FN:57,(anonymous_7)
FN:67,(anonymous_8)
FN:89,(anonymous_9)
FN:111,(anonymous_10)
FN:112,(anonymous_11)
FN:113,(anonymous_12)
FN:119,(anonymous_13)
FN:147,(anonymous_14)
FN:148,(anonymous_15)
FN:151,(anonymous_16)
FN:155,(anonymous_17)
FN:159,(anonymous_18)
FN:183,(anonymous_19)
FN:189,(anonymous_20)
FN:204,(anonymous_21)
FN:215,(anonymous_22)
FN:225,(anonymous_23)
FN:231,(anonymous_24)
FN:250,(anonymous_25)
FN:258,(anonymous_26)
FN:268,(anonymous_27)
FN:285,(anonymous_28)
FN:316,(anonymous_29)
FN:336,(anonymous_30)
FN:337,(anonymous_31)
FN:338,(anonymous_32)
FN:359,(anonymous_33)
FN:376,(anonymous_34)
FN:397,(anonymous_35)
FN:413,(anonymous_36)
FN:418,startGame
FN:421,(anonymous_38)
FN:427,(anonymous_39)
FNF:40
FNH:28
FNDA:24,(anonymous_0)
FNDA:13,(anonymous_1)
FNDA:17,(anonymous_2)
FNDA:53,(anonymous_3)
FNDA:9,(anonymous_4)
FNDA:21,(anonymous_5)
FNDA:210,(anonymous_6)
FNDA:16,(anonymous_7)
FNDA:4,(anonymous_8)
FNDA:11,(anonymous_9)
FNDA:12,(anonymous_10)
FNDA:15,(anonymous_11)
FNDA:43,(anonymous_12)
FNDA:11,(anonymous_13)
FNDA:8,(anonymous_14)
FNDA:6,(anonymous_15)
FNDA:34,(anonymous_16)
FNDA:58,(anonymous_17)
FNDA:0,(anonymous_18)
FNDA:14,(anonymous_19)
FNDA:10,(anonymous_20)
FNDA:11,(anonymous_21)
FNDA:2,(anonymous_22)
FNDA:0,(anonymous_23)
FNDA:5,(anonymous_24)
FNDA:31,(anonymous_25)
FNDA:5,(anonymous_26)
FNDA:0,(anonymous_27)
FNDA:2,(anonymous_28)
FNDA:8,(anonymous_29)
FNDA:0,(anonymous_30)
FNDA:0,(anonymous_31)
FNDA:0,(anonymous_32)
FNDA:0,(anonymous_33)
FNDA:3,(anonymous_34)
FNDA:0,(anonymous_35)
FNDA:0,(anonymous_36)
FNDA:0,startGame
FNDA:0,(anonymous_38)
FNDA:0,(anonymous_39)
DA:1,1
DA:4,1
DA:23,24
DA:24,24
DA:28,13
DA:29,12
DA:30,12
DA:32,1
DA:36,17
DA:40,53
DA:44,9
DA:51,21
DA:52,210
DA:53,21
DA:54,21
DA:58,16
DA:59,48
DA:60,48
DA:61,3
DA:64,16
DA:68,4
DA:69,4
DA:70,4
DA:72,4
DA:73,10
DA:74,10
DA:76,10
DA:77,10
DA:78,10
DA:82,4
DA:83,0
DA:86,4
DA:90,11
DA:91,11
DA:94,11
DA:98,11
DA:99,11
DA:101,11
DA:102,11
DA:103,33
DA:104,33
DA:105,33
DA:108,11
DA:112,12
DA:113,15
DA:114,43
DA:120,11
DA:121,2
DA:124,9
DA:125,9
DA:127,9
DA:128,8
DA:129,7
DA:130,0
DA:133,7
DA:134,7
DA:136,7
DA:137,2
DA:139,5
DA:143,2
DA:144,2
DA:148,8
DA:152,34
DA:156,58
DA:160,0
DA:163,0
DA:164,0
DA:165,0
DA:167,0
DA:170,0
DA:171,0
DA:172,0
DA:173,0
DA:175,0
DA:177,0
DA:184,14
DA:185,14
DA:186,14
DA:192,10
DA:193,0
DA:194,0
DA:196,10
DA:197,10
DA:200,10
DA:201,10
DA:206,11
DA:207,11
DA:208,11
DA:209,11
DA:212,11
DA:216,2
DA:217,1
DA:218,1
DA:220,1
DA:221,1
DA:226,0
DA:227,0
DA:232,5
DA:233,5
DA:240,5
DA:241,20
DA:242,14
DA:243,14
DA:244,14
DA:251,31
DA:259,5
DA:260,5
DA:261,5
DA:262,5
DA:269,0
DA:271,0
DA:272,0
DA:273,0
DA:275,0
DA:276,0
DA:278,0
DA:280,0
DA:281,0
DA:286,2
DA:289,2
DA:290,2
DA:291,20
DA:293,2
DA:296,2
DA:297,20
DA:300,20
DA:301,200
DA:304,20
DA:307,20
DA:308,200
DA:311,20
DA:313,2
DA:317,8
DA:318,3
DA:321,5
DA:322,5
DA:324,5
DA:327,2
DA:333,3
DA:337,0
DA:338,0
DA:339,0
DA:341,0
DA:342,0
DA:343,0
DA:344,0
DA:347,0
DA:348,0
DA:350,0
DA:351,0
DA:354,0
DA:360,0
DA:361,0
DA:362,0
DA:364,0
DA:366,0
DA:367,0
DA:368,0
DA:369,0
DA:372,0
DA:377,3
DA:378,3
DA:380,3
DA:381,2
DA:382,2
DA:383,2
DA:384,2
DA:387,1
DA:388,0
DA:389,0
DA:390,0
DA:391,0
DA:394,1
DA:398,0
DA:400,0
DA:402,0
DA:404,0
DA:405,0
DA:407,0
DA:409,0
DA:413,0
DA:419,0
DA:421,0
DA:422,0
DA:423,0
DA:424,0
DA:427,0
DA:428,0
DA:429,0
DA:434,1
DA:435,0
DA:437,1
LF:192
LH:124
BRDA:28,0,0,12
BRDA:28,0,1,1
BRDA:57,1,0,5
BRDA:60,2,0,3
BRDA:60,2,1,45
BRDA:67,3,0,0
BRDA:72,4,0,14
BRDA:72,4,1,10
BRDA:76,5,0,10
BRDA:76,5,1,0
BRDA:76,6,0,10
BRDA:76,6,1,10
BRDA:82,7,0,0
BRDA:82,7,1,4
BRDA:90,8,0,8
BRDA:90,8,1,3
BRDA:91,9,0,3
BRDA:91,9,1,8
BRDA:94,10,0,8
BRDA:94,10,1,3
BRDA:103,11,0,9
BRDA:103,11,1,24
BRDA:104,12,0,24
BRDA:104,12,1,9
BRDA:120,13,0,2
BRDA:120,13,1,9
BRDA:128,14,0,7
BRDA:128,14,1,1
BRDA:129,15,0,0
BRDA:129,15,1,7
BRDA:136,16,0,2
BRDA:136,16,1,5
BRDA:159,17,0,0
BRDA:192,18,0,0
BRDA:192,18,1,10
BRDA:192,19,0,10
BRDA:192,19,1,0
BRDA:216,20,0,1
BRDA:216,20,1,1
BRDA:226,21,0,0
BRDA:226,21,1,0
BRDA:226,22,0,0
BRDA:226,22,1,0
BRDA:241,23,0,14
BRDA:241,23,1,6
BRDA:243,24,0,14
BRDA:243,24,1,0
BRDA:243,25,0,14
BRDA:243,25,1,14
BRDA:251,26,0,31
BRDA:251,26,1,28
BRDA:251,26,2,26
BRDA:251,26,3,24
BRDA:317,27,0,3
BRDA:317,27,1,5
BRDA:317,28,0,8
BRDA:317,28,1,7
BRDA:324,29,0,2
BRDA:324,29,1,3
BRDA:324,30,0,5
BRDA:324,30,1,3
BRDA:324,30,2,3
BRDA:324,30,3,3
BRDA:324,30,4,3
BRDA:324,30,5,3
BRDA:341,31,0,0
BRDA:341,31,1,0
BRDA:350,32,0,0
BRDA:350,32,1,0
BRDA:354,33,0,0
BRDA:354,33,1,0
BRDA:366,34,0,0
BRDA:366,34,1,0
BRDA:366,35,0,0
BRDA:366,35,1,0
BRDA:368,36,0,0
BRDA:368,36,1,0
BRDA:380,37,0,2
BRDA:380,37,1,1
BRDA:387,38,0,0
BRDA:387,38,1,1
BRDA:398,39,0,0
BRDA:398,39,1,0
BRDA:404,40,0,0
BRDA:404,40,1,0
BRDA:405,41,0,0
BRDA:405,41,1,0
BRDA:409,42,0,0
BRDA:409,42,1,0
BRDA:434,43,0,0
BRDA:434,43,1,1
BRF:91
BRH:57
end_of_record
